<?xml version="1.0" encoding="utf-8"?><testsuites name="pytest tests"><testsuite name="pytest" errors="0" failures="0" skipped="0" tests="146" time="51.227" timestamp="2026-04-22T14:47:21.110487+00:00" hostname="agent-env-9d39074a-300d-4800-9365-2fd5db72e5fd"><testcase classname="tests.test_2b8_scheduler" name="test_system_user_seeded" time="0.509" /><testcase classname="tests.test_2b8_scheduler" name="test_system_user_singleton" time="0.206" /><testcase classname="tests.test_2b8_scheduler" name="test_system_user_cannot_login" time="0.460" /><testcase classname="tests.test_2b8_scheduler" name="test_scheduled_billing_creates_audit" time="0.325" /><testcase classname="tests.test_2b8_scheduler" name="test_scheduled_billing_handles_existing" time="0.335" /><testcase classname="tests.test_2b8_scheduler" name="test_deprecated_billing_service_emits_warning" time="0.238" /><testcase classname="tests.test_admin_billing" name="test_generate_invoices_first_time" time="0.451" /><testcase classname="tests.test_admin_billing" name="test_generate_invoices_idempotent" time="0.335" /><testcase classname="tests.test_admin_billing" name="test_regenerate_invoices_preserves_payments" time="0.434" /><testcase classname="tests.test_admin_billing" name="test_invoice_uses_price_snapshot_not_current" time="0.333" /><testcase classname="tests.test_admin_billing" name="test_invoice_mixed_prices_across_month" time="0.340" /><testcase classname="tests.test_admin_billing" name="test_invoice_skipped_days_not_billed" time="0.338" /><testcase classname="tests.test_admin_billing" name="test_invoice_mid_month_start" time="0.341" /><testcase classname="tests.test_admin_billing" name="test_invoice_mid_month_pause" time="0.352" /><testcase classname="tests.test_admin_billing" name="test_zero_delivery_month_no_invoice" time="0.324" /><testcase classname="tests.test_admin_billing" name="test_mark_paid_full" time="0.391" /><testcase classname="tests.test_admin_billing" name="test_mark_paid_partial" time="0.385" /><testcase classname="tests.test_admin_billing" name="test_mark_paid_wallet_insufficient_blocked" time="0.346" /><testcase classname="tests.test_admin_billing" name="test_mark_paid_wallet_deducts" time="0.368" /><testcase classname="tests.test_admin_billing" name="test_apply_wallet_credit" time="0.373" /><testcase classname="tests.test_admin_billing" name="test_generate_concurrency" time="0.320" /><testcase classname="tests.test_admin_billing" name="test_regenerate_audit_completeness" time="0.386" /><testcase classname="tests.test_admin_billing" name="test_post_billing_flag_on_override" time="0.417" /><testcase classname="tests.test_admin_billing" name="test_rbac_billing" time="0.877" /><testcase classname="tests.test_admin_billing" name="test_billing_atomicity_failed_customer" time="0.302" /><testcase classname="tests.test_admin_billing" name="test_billing_status_and_register" time="0.389" /><testcase classname="tests.test_admin_customers" name="test_wallet_adjustment_positive" time="0.360" /><testcase classname="tests.test_admin_customers" name="test_wallet_adjustment_negative_blocked" time="0.348" /><testcase classname="tests.test_admin_customers" name="test_wallet_adjustment_negative_forced" time="0.401" /><testcase classname="tests.test_admin_customers" name="test_wallet_adjustment_reason_validation" time="0.360" /><testcase classname="tests.test_admin_customers" name="test_wallet_adjustment_atomicity" time="0.364" /><testcase classname="tests.test_admin_customers" name="test_wallet_concurrency" time="0.393" /><testcase classname="tests.test_admin_customers" name="test_wallet_balance_integrity_many" time="0.619" /><testcase classname="tests.test_admin_customers" name="test_bottle_adjustment_positive" time="0.306" /><testcase classname="tests.test_admin_customers" name="test_bottle_adjustment_negative_blocked" time="0.308" /><testcase classname="tests.test_admin_customers" name="test_bottle_adjustment_negative_forced" time="0.297" /><testcase classname="tests.test_admin_customers" name="test_bottle_integrity_after_batch" time="0.447" /><testcase classname="tests.test_admin_customers" name="test_approve_customer_audit" time="0.335" /><testcase classname="tests.test_admin_customers" name="test_reject_customer_requires_reason" time="0.301" /><testcase classname="tests.test_admin_customers" name="test_subscription_admin_pause_audit" time="0.415" /><testcase classname="tests.test_admin_customers" name="test_search_pg_trgm" time="0.377" /><testcase classname="tests.test_admin_customers" name="test_rbac_customer_cannot_access_new_endpoints" time="0.644" /><testcase classname="tests.test_admin_customers" name="test_rbac_delivery_cannot_access_new_endpoints" time="0.654" /><testcase classname="tests.test_admin_customers" name="test_customer_detail_shape" time="0.311" /><testcase classname="tests.test_admin_customers" name="test_customer_detail_404" time="0.282" /><testcase classname="tests.test_admin_dashboard" name="test_customer_cannot_access_dashboard_stats" time="0.283" /><testcase classname="tests.test_admin_dashboard" name="test_delivery_cannot_access_dashboard_stats" time="0.291" /><testcase classname="tests.test_admin_dashboard" name="test_admin_can_access_dashboard_stats" time="0.302" /><testcase classname="tests.test_admin_dashboard" name="test_no_token_rejected" time="0.193" /><testcase classname="tests.test_admin_dashboard" name="test_admin_can_read_empty_audit_log" time="0.280" /><testcase classname="tests.test_admin_dashboard" name="test_customer_cannot_read_audit_log" time="0.275" /><testcase classname="tests.test_admin_deliveries" name="test_override_pending_to_delivered" time="0.467" /><testcase classname="tests.test_admin_deliveries" name="test_override_pending_to_skipped" time="0.440" /><testcase classname="tests.test_admin_deliveries" name="test_override_delivered_to_pending_compensates" time="0.466" /><testcase classname="tests.test_admin_deliveries" name="test_override_bypasses_cutoff" time="0.420" /><testcase classname="tests.test_admin_deliveries" name="test_override_requires_reason_min_10" time="0.447" /><testcase classname="tests.test_admin_deliveries" name="test_override_missing_quantity" time="0.390" /><testcase classname="tests.test_admin_deliveries" name="test_override_quantity_out_of_range" time="0.425" /><testcase classname="tests.test_admin_deliveries" name="test_override_max_days_back" time="0.388" /><testcase classname="tests.test_admin_deliveries" name="test_override_bottle_ledger_integrity" time="0.571" /><testcase classname="tests.test_admin_deliveries" name="test_override_concurrency" time="0.402" /><testcase classname="tests.test_admin_deliveries" name="test_bulk_skip" time="0.570" /><testcase classname="tests.test_admin_deliveries" name="test_rbac_override_forbidden" time="0.430" /><testcase classname="tests.test_admin_deliveries" name="test_audit_snapshot_completeness" time="0.410" /><testcase classname="tests.test_admin_deliveries" name="test_board_list_and_kpis" time="0.387" /><testcase classname="tests.test_admin_products" name="test_product_create_audit" time="0.256" /><testcase classname="tests.test_admin_products" name="test_product_update_audit_no_price_change" time="0.314" /><testcase classname="tests.test_admin_products" name="test_price_change_requires_reason_min_10" time="0.326" /><testcase classname="tests.test_admin_products" name="test_price_change_cannot_backdate" time="0.305" /><testcase classname="tests.test_admin_products" name="test_price_change_future_dated_does_not_update_current" time="0.352" /><testcase classname="tests.test_admin_products" name="test_price_change_immediate" time="0.359" /><testcase classname="tests.test_admin_products" name="test_price_history_endpoint" time="0.402" /><testcase classname="tests.test_admin_products" name="test_historical_pricing_lookup" time="0.327" /><testcase classname="tests.test_admin_products" name="test_delivery_order_locks_price" time="0.447" /><testcase classname="tests.test_admin_products" name="test_rbac_products" time="0.646" /><testcase classname="tests.test_admin_products" name="test_sku_conflict" time="0.307" /><testcase classname="tests.test_admin_reports" name="test_revenue_report_basic" time="0.301" /><testcase classname="tests.test_admin_reports" name="test_revenue_report_group_by_month" time="0.310" /><testcase classname="tests.test_admin_reports" name="test_revenue_by_product" time="0.290" /><testcase classname="tests.test_admin_reports" name="test_churn_report_basic" time="0.295" /><testcase classname="tests.test_admin_reports" name="test_churn_active_at_start_required" time="0.289" /><testcase classname="tests.test_admin_reports" name="test_daily_delivery_report" time="0.318" /><testcase classname="tests.test_admin_reports" name="test_bottle_outstanding_point_in_time" time="0.295" /><testcase classname="tests.test_admin_reports" name="test_bottle_outstanding_days_since_return" time="0.296" /><testcase classname="tests.test_admin_reports" name="test_csv_export_streaming" time="0.298" /><testcase classname="tests.test_admin_reports" name="test_csv_export_respects_filters" time="0.329" /><testcase classname="tests.test_admin_reports" name="test_rbac_reports" time="0.840" /><testcase classname="tests.test_admin_reports" name="test_empty_period_reports" time="0.360" /><testcase classname="tests.test_admin_reports" name="test_revenue_view_mode_bill_period" time="0.360" /><testcase classname="tests.test_admin_reports" name="test_revenue_view_mode_invalid_rejected" time="0.288" /><testcase classname="tests.test_admin_reports" name="test_revenue_csv_export_respects_view_mode" time="0.336" /><testcase classname="tests.test_admin_routes" name="test_route_list_pagination" time="0.379" /><testcase classname="tests.test_admin_routes" name="test_route_list_filter_by_boy" time="0.364" /><testcase classname="tests.test_admin_routes" name="test_route_create_audit" time="0.299" /><testcase classname="tests.test_admin_routes" name="test_stops_reorder_single_move" time="0.436" /><testcase classname="tests.test_admin_routes" name="test_stops_reorder_multiple_moves" time="0.430" /><testcase classname="tests.test_admin_routes" name="test_stops_reorder_audit_shape" time="0.424" /><testcase classname="tests.test_admin_routes" name="test_stops_reorder_duplicate_sequence" time="0.419" /><testcase classname="tests.test_admin_routes" name="test_stops_reorder_non_contiguous" time="0.406" /><testcase classname="tests.test_admin_routes" name="test_stops_reorder_foreign_stop" time="0.419" /><testcase classname="tests.test_admin_routes" name="test_add_customer_already_on_route" time="0.374" /><testcase classname="tests.test_admin_routes" name="test_add_customer_on_other_route" time="0.439" /><testcase classname="tests.test_admin_routes" name="test_remove_customer_resequences" time="0.467" /><testcase classname="tests.test_admin_routes" name="test_deactivate_route_with_pending_deliveries" time="0.476" /><testcase classname="tests.test_admin_routes" name="test_deactivate_route_clean" time="0.415" /><testcase classname="tests.test_admin_routes" name="test_rbac_routes_customer_forbidden" time="0.575" /><testcase classname="tests.test_admin_routes" name="test_rbac_routes_delivery_forbidden" time="0.568" /><testcase classname="tests.test_admin_routes" name="test_route_reassign_delivery_boy_audit" time="0.452" /><testcase classname="tests.test_auth" name="test_request_otp_returns_dev_code" time="0.239" /><testcase classname="tests.test_auth" name="test_dev_fixed_otp_works" time="0.279" /><testcase classname="tests.test_auth" name="test_wrong_otp_rejected" time="0.269" /><testcase classname="tests.test_auth" name="test_me_requires_auth" time="0.219" /><testcase classname="tests.test_auth" name="test_me_with_token" time="0.282" /><testcase classname="tests.test_auth" name="test_refresh_token_flow" time="0.281" /><testcase classname="tests.test_billing" name="test_billing_30_deliveries_at_35_rupees_equals_1050" time="0.252" /><testcase classname="tests.test_billing" name="test_billing_25_deliveries_plus_5_skips_equals_875" time="0.280" /><testcase classname="tests.test_billing" name="test_generate_invoices_creates_issued_invoice" time="0.270" /><testcase classname="tests.test_billing" name="test_generate_invoices_is_idempotent" time="0.309" /><testcase classname="tests.test_bottle_ledger" name="test_delivering_bottled_product_increases_balance" time="0.399" /><testcase classname="tests.test_bottle_ledger" name="test_returning_bottle_decreases_balance" time="0.322" /><testcase classname="tests.test_bottle_ledger" name="test_delivery_with_bottles_returned_nets_correctly" time="0.387" /><testcase classname="tests.test_cutoff" name="test_cutoff_moment_is_previous_day_2000_ist" time="0.000" /><testcase classname="tests.test_cutoff" name="test_modifiable_at_1959_ist_works" time="0.000" /><testcase classname="tests.test_cutoff" name="test_not_modifiable_at_2001_ist_fails" time="0.000" /><testcase classname="tests.test_cutoff" name="test_not_modifiable_at_exactly_2000_ist" time="0.000" /><testcase classname="tests.test_cutoff" name="test_assert_modifiable_raises_after_cutoff" time="0.000" /><testcase classname="tests.test_cutoff" name="test_assert_modifiable_ok_before_cutoff" time="0.000" /><testcase classname="tests.test_cutoff" name="test_modifying_day_after_tomorrow_always_ok" time="0.000" /><testcase classname="tests.test_hardening" name="test_otp_rate_limit_phone" time="0.382" /><testcase classname="tests.test_hardening" name="test_otp_different_phones_not_rate_limited" time="0.297" /><testcase classname="tests.test_hardening" name="test_logout_revokes_token" time="0.317" /><testcase classname="tests.test_hardening" name="test_admin_revoke_user_tokens" time="0.388" /><testcase classname="tests.test_hardening" name="test_only_admin_can_revoke_tokens" time="0.293" /><testcase classname="tests.test_hardening" name="test_cors_disallowed_origin" time="0.185" /><testcase classname="tests.test_hardening" name="test_cors_allowed_origin" time="0.189" /><testcase classname="tests.test_rbac" name="test_customer_cannot_list_customers" time="0.283" /><testcase classname="tests.test_rbac" name="test_customer_cannot_approve" time="0.299" /><testcase classname="tests.test_rbac" name="test_customer_cannot_generate_invoices" time="0.280" /><testcase classname="tests.test_rbac" name="test_delivery_cannot_access_admin" time="0.304" /><testcase classname="tests.test_rbac" name="test_customer_cannot_use_delivery_endpoints" time="0.297" /><testcase classname="tests.test_rbac" name="test_admin_can_list_customers" time="0.271" /><testcase classname="tests.test_rbac" name="test_no_token_is_unauthorized" time="0.184" /><testcase classname="tests.test_subscription_pause" name="test_paused_subscription_generates_no_orders" time="0.357" /><testcase classname="tests.test_subscription_pause" name="test_active_subscription_generates_order" time="0.324" /><testcase classname="tests.test_subscription_pause" name="test_subscription_with_pause_window_skips_those_days" time="0.338" /><testcase classname="tests.test_subscription_pause" name="test_generate_orders_is_idempotent" time="0.376" /></testsuite></testsuites>